# JRE version: Java(TM) SE Runtime Environment (8.0_11-b12) (build 1.8.0_11-b12)
# Java VM: Java HotSpot(TM) 64-Bit Server VM (25.11-b03 mixed mode windows-amd64 compressed oops)
Heap:
 PSYoungGen      total 227328K, used 114158K [0x00000000eb380000, 0x0000000100000000, 0x0000000100000000)
  eden space 114176K, 99% used [0x00000000eb380000,0x00000000f22fbb70,0x00000000f2300000)
  from space 113152K, 0% used [0x00000000f2300000,0x00000000f2300000,0x00000000f9180000)
  to   space 113152K, 0% used [0x00000000f9180000,0x00000000f9180000,0x0000000100000000)
 ParOldGen       total 681472K, used 681396K [0x00000000c1a00000, 0x00000000eb380000, 0x00000000eb380000)
  object space 681472K, 99% used [0x00000000c1a00000,0x00000000eb36d358,0x00000000eb380000)
 Metaspace       used 17830K, capacity 18080K, committed 18304K, reserved 1064960K
  class space    used 2318K, capacity 2377K, committed 2432K, reserved 1048576K
GC Heap History (10 events):
Event: 277.069 GC heap before
{Heap before GC invocations=117 (full 82):
 PSYoungGen      total 227328K, used 114176K [0x00000000eb380000, 0x0000000100000000, 0x0000000100000000)
  eden space 114176K, 100% used [0x00000000eb380000,0x00000000f2300000,0x00000000f2300000)
  from space 113152K, 0% used [0x00000000f2300000,0x00000000f2300000,0x00000000f9180000)
  to   space 113152K, 0% used [0x00000000f9180000,0x00000000f9180000,0x0000000100000000)
 ParOldGen       total 681472K, used 681402K [0x00000000c1a00000, 0x00000000eb380000, 0x00000000eb380000)
  object space 681472K, 99% used [0x00000000c1a00000,0x00000000eb36eb28,0x00000000eb380000)
 Metaspace       used 17765K, capacity 18016K, committed 18304K, reserved 1064960K
  class space    used 2304K, capacity 2377K, committed 2432K, reserved 1048576K
Event: 279.691 GC heap after
Heap after GC invocations=117 (full 82):
 PSYoungGen      total 227328K, used 114149K [0x00000000eb380000, 0x0000000100000000, 0x0000000100000000)
  eden space 114176K, 99% used [0x00000000eb380000,0x00000000f22f9730,0x00000000f2300000)
  from space 113152K, 0% used [0x00000000f2300000,0x00000000f2300000,0x00000000f9180000)
  to   space 113152K, 0% used [0x00000000f9180000,0x00000000f9180000,0x0000000100000000)
 ParOldGen       total 681472K, used 681398K [0x00000000c1a00000, 0x00000000eb380000, 0x00000000eb380000)
  object space 681472K, 99% used [0x00000000c1a00000,0x00000000eb36d840,0x00000000eb380000)
 Metaspace       used 17765K, capacity 18016K, committed 18304K, reserved 1064960K
  class space    used 2304K, capacity 2377K, committed 2432K, reserved 1048576K
}
Event: 280.159 GC heap before
{Heap before GC invocations=118 (full 83):
 PSYoungGen      total 227328K, used 114176K [0x00000000eb380000, 0x0000000100000000, 0x0000000100000000)
  eden space 114176K, 100% used [0x00000000eb380000,0x00000000f2300000,0x00000000f2300000)
  from space 113152K, 0% used [0x00000000f2300000,0x00000000f2300000,0x00000000f9180000)
  to   space 113152K, 0% used [0x00000000f9180000,0x00000000f9180000,0x0000000100000000)
 ParOldGen       total 681472K, used 681398K [0x00000000c1a00000, 0x00000000eb380000, 0x00000000eb380000)
  object space 681472K, 99% used [0x00000000c1a00000,0x00000000eb36d840,0x00000000eb380000)
 Metaspace       used 17782K, capacity 18016K, committed 18304K, reserved 1064960K
  class space    used 2307K, capacity 2377K, committed 2432K, reserved 1048576K
Event: 284.955 GC heap after
Heap after GC invocations=118 (full 83):
 PSYoungGen      total 227328K, used 114154K [0x00000000eb380000, 0x0000000100000000, 0x0000000100000000)
  eden space 114176K, 99% used [0x00000000eb380000,0x00000000f22fa8d0,0x00000000f2300000)
  from space 113152K, 0% used [0x00000000f2300000,0x00000000f2300000,0x00000000f9180000)
  to   space 113152K, 0% used [0x00000000f9180000,0x00000000f9180000,0x0000000100000000)
 ParOldGen       total 681472K, used 681397K [0x00000000c1a00000, 0x00000000eb380000, 0x00000000eb380000)
  object space 681472K, 99% used [0x00000000c1a00000,0x00000000eb36d7e0,0x00000000eb380000)
 Metaspace       used 17782K, capacity 18016K, committed 18304K, reserved 1064960K
  class space    used 2307K, capacity 2377K, committed 2432K, reserved 1048576K
}
Event: 285.168 GC heap before
{Heap before GC invocations=119 (full 84):
 PSYoungGen      total 227328K, used 114176K [0x00000000eb380000, 0x0000000100000000, 0x0000000100000000)
  eden space 114176K, 100% used [0x00000000eb380000,0x00000000f2300000,0x00000000f2300000)
  from space 113152K, 0% used [0x00000000f2300000,0x00000000f2300000,0x00000000f9180000)
  to   space 113152K, 0% used [0x00000000f9180000,0x00000000f9180000,0x0000000100000000)
 ParOldGen       total 681472K, used 681397K [0x00000000c1a00000, 0x00000000eb380000, 0x00000000eb380000)
  object space 681472K, 99% used [0x00000000c1a00000,0x00000000eb36d7e0,0x00000000eb380000)
 Metaspace       used 17815K, capacity 18016K, committed 18304K, reserved 1064960K
  class space    used 2316K, capacity 2377K, committed 2432K, reserved 1048576K
Event: 290.177 GC heap after
Heap after GC invocations=119 (full 84):
 PSYoungGen      total 227328K, used 114155K [0x00000000eb380000, 0x0000000100000000, 0x0000000100000000)
  eden space 114176K, 99% used [0x00000000eb380000,0x00000000f22fae18,0x00000000f2300000)
  from space 113152K, 0% used [0x00000000f2300000,0x00000000f2300000,0x00000000f9180000)
  to   space 113152K, 0% used [0x00000000f9180000,0x00000000f9180000,0x0000000100000000)
 ParOldGen       total 681472K, used 681397K [0x00000000c1a00000, 0x00000000eb380000, 0x00000000eb380000)
  object space 681472K, 99% used [0x00000000c1a00000,0x00000000eb36d7a8,0x00000000eb380000)
 Metaspace       used 17815K, capacity 18016K, committed 18304K, reserved 1064960K
  class space    used 2316K, capacity 2377K, committed 2432K, reserved 1048576K
}
Event: 290.187 GC heap before
{Heap before GC invocations=120 (full 85):
 PSYoungGen      total 227328K, used 114176K [0x00000000eb380000, 0x0000000100000000, 0x0000000100000000)
  eden space 114176K, 100% used [0x00000000eb380000,0x00000000f2300000,0x00000000f2300000)
  from space 113152K, 0% used [0x00000000f2300000,0x00000000f2300000,0x00000000f9180000)
  to   space 113152K, 0% used [0x00000000f9180000,0x00000000f9180000,0x0000000100000000)
 ParOldGen       total 681472K, used 681397K [0x00000000c1a00000, 0x00000000eb380000, 0x00000000eb380000)
  object space 681472K, 99% used [0x00000000c1a00000,0x00000000eb36d7a8,0x00000000eb380000)
 Metaspace       used 17825K, capacity 18080K, committed 18304K, reserved 1064960K
  class space    used 2318K, capacity 2377K, committed 2432K, reserved 1048576K
Event: 292.424 GC heap after
Heap after GC invocations=120 (full 85):
 PSYoungGen      total 227328K, used 114156K [0x00000000eb380000, 0x0000000100000000, 0x0000000100000000)
  eden space 114176K, 99% used [0x00000000eb380000,0x00000000f22fb0f0,0x00000000f2300000)
  from space 113152K, 0% used [0x00000000f2300000,0x00000000f2300000,0x00000000f9180000)
  to   space 113152K, 0% used [0x00000000f9180000,0x00000000f9180000,0x0000000100000000)
 ParOldGen       total 681472K, used 681396K [0x00000000c1a00000, 0x00000000eb380000, 0x00000000eb380000)
  object space 681472K, 99% used [0x00000000c1a00000,0x00000000eb36d358,0x00000000eb380000)
 Metaspace       used 17825K, capacity 18080K, committed 18304K, reserved 1064960K
  class space    used 2318K, capacity 2377K, committed 2432K, reserved 1048576K
}
Event: 292.425 GC heap before
{Heap before GC invocations=121 (full 86):
 PSYoungGen      total 227328K, used 114176K [0x00000000eb380000, 0x0000000100000000, 0x0000000100000000)
  eden space 114176K, 100% used [0x00000000eb380000,0x00000000f2300000,0x00000000f2300000)
  from space 113152K, 0% used [0x00000000f2300000,0x00000000f2300000,0x00000000f9180000)
  to   space 113152K, 0% used [0x00000000f9180000,0x00000000f9180000,0x0000000100000000)
 ParOldGen       total 681472K, used 681396K [0x00000000c1a00000, 0x00000000eb380000, 0x00000000eb380000)
  object space 681472K, 99% used [0x00000000c1a00000,0x00000000eb36d358,0x00000000eb380000)
 Metaspace       used 17830K, capacity 18080K, committed 18304K, reserved 1064960K
  class space    used 2318K, capacity 2377K, committed 2432K, reserved 1048576K
Event: 293.656 GC heap after
Heap after GC invocations=121 (full 86):
 PSYoungGen      total 227328K, used 114156K [0x00000000eb380000, 0x0000000100000000, 0x0000000100000000)
  eden space 114176K, 99% used [0x00000000eb380000,0x00000000f22fb348,0x00000000f2300000)
  from space 113152K, 0% used [0x00000000f2300000,0x00000000f2300000,0x00000000f9180000)
  to   space 113152K, 0% used [0x00000000f9180000,0x00000000f9180000,0x0000000100000000)
 ParOldGen       total 681472K, used 681396K [0x00000000c1a00000, 0x00000000eb380000, 0x00000000eb380000)
  object space 681472K, 99% used [0x00000000c1a00000,0x00000000eb36d358,0x00000000eb380000)
 Metaspace       used 17830K, capacity 18080K, committed 18304K, reserved 1064960K
  class space    used 2318K, capacity 2377K, committed 2432K, reserved 1048576K
}

